<?xml version="1.0" encoding="UTF-8"?>
<testng-results ignored="0" total="1" passed="1" failed="0" skipped="0">
  <reporter-output>
  </reporter-output>
  <suite started-at="2023-04-30T06:31:04Z" name="Suite" finished-at="2023-04-30T06:31:15Z" duration-ms="10590">
    <groups>
    </groups>
    <test started-at="2023-04-30T06:31:04Z" name="Test" finished-at="2023-04-30T06:31:15Z" duration-ms="10590">
      <class name="testcases.HomePageTest">
        <test-method is-config="true" signature="ReportSetup()[pri:0, instance:testcases.HomePageTest@5be49b60]" started-at="2023-04-30T06:31:04Z" name="ReportSetup" finished-at="2023-04-30T06:31:06Z" duration-ms="1813" status="PASS">
          <reporter-output>
          </reporter-output>
        </test-method> <!-- ReportSetup -->
        <test-method is-config="true" signature="SetUp(java.lang.reflect.Method)[pri:0, instance:testcases.HomePageTest@5be49b60]" started-at="2023-04-30T06:31:06Z" name="SetUp" finished-at="2023-04-30T06:31:13Z" duration-ms="6763" status="PASS">
          <params>
            <param index="0">
              <value>
                <![CDATA[public void testcases.HomePageTest.test3()]]>
              </value>
            </param>
          </params>
          <reporter-output>
          </reporter-output>
        </test-method> <!-- SetUp -->
        <test-method signature="test3()[pri:0, instance:testcases.HomePageTest@5be49b60]" started-at="2023-04-30T06:31:13Z" name="test3" finished-at="2023-04-30T06:31:13Z" duration-ms="2" status="PASS">
          <reporter-output>
          </reporter-output>
        </test-method> <!-- test3 -->
        <test-method is-config="true" signature="TearDown()[pri:0, instance:testcases.HomePageTest@5be49b60]" started-at="2023-04-30T06:31:13Z" name="TearDown" finished-at="2023-04-30T06:31:14Z" duration-ms="1178" status="PASS">
          <reporter-output>
          </reporter-output>
        </test-method> <!-- TearDown -->
        <test-method is-config="true" signature="ReportClean()[pri:0, instance:testcases.HomePageTest@5be49b60]" started-at="2023-04-30T06:31:14Z" name="ReportClean" finished-at="2023-04-30T06:31:15Z" duration-ms="808" status="PASS">
          <reporter-output>
          </reporter-output>
        </test-method> <!-- ReportClean -->
      </class> <!-- testcases.HomePageTest -->
    </test> <!-- Test -->
  </suite> <!-- Suite -->
</testng-results>
