<?xml version="1.0" encoding="UTF-8"?>
<testng-results ignored="0" total="3" passed="3" failed="0" skipped="0">
  <reporter-output>
  </reporter-output>
  <suite started-at="2023-04-30T03:43:01Z" name="Suite" finished-at="2023-04-30T03:44:12Z" duration-ms="70428">
    <groups>
    </groups>
    <test started-at="2023-04-30T03:43:01Z" name="Test" finished-at="2023-04-30T03:44:12Z" duration-ms="70428">
      <class name="testcases.LoginTest">
        <test-method is-config="true" signature="ReportSetup()[pri:0, instance:testcases.LoginTest@7674b62c]" started-at="2023-04-30T03:43:01Z" name="ReportSetup" finished-at="2023-04-30T03:43:02Z" duration-ms="1016" status="PASS">
          <reporter-output>
          </reporter-output>
        </test-method> <!-- ReportSetup -->
        <test-method is-config="true" signature="SetUp(java.lang.reflect.Method)[pri:0, instance:testcases.LoginTest@7674b62c]" started-at="2023-04-30T03:43:02Z" name="SetUp" finished-at="2023-04-30T03:43:13Z" duration-ms="10191" status="PASS">
          <params>
            <param index="0">
              <value>
                <![CDATA[public void testcases.LoginTest.test1()]]>
              </value>
            </param>
          </params>
          <reporter-output>
          </reporter-output>
        </test-method> <!-- SetUp -->
        <test-method signature="test1()[pri:0, instance:testcases.LoginTest@7674b62c]" started-at="2023-04-30T03:43:13Z" name="test1" finished-at="2023-04-30T03:43:26Z" duration-ms="13572" status="PASS">
          <reporter-output>
          </reporter-output>
        </test-method> <!-- test1 -->
        <test-method is-config="true" signature="TearDown()[pri:0, instance:testcases.LoginTest@7674b62c]" started-at="2023-04-30T03:43:26Z" name="TearDown" finished-at="2023-04-30T03:43:27Z" duration-ms="969" status="PASS">
          <reporter-output>
          </reporter-output>
        </test-method> <!-- TearDown -->
        <test-method is-config="true" signature="SetUp(java.lang.reflect.Method)[pri:0, instance:testcases.LoginTest@7674b62c]" started-at="2023-04-30T03:43:27Z" name="SetUp" finished-at="2023-04-30T03:43:33Z" duration-ms="6005" status="PASS">
          <params>
            <param index="0">
              <value>
                <![CDATA[public void testcases.LoginTest.test2()]]>
              </value>
            </param>
          </params>
          <reporter-output>
          </reporter-output>
        </test-method> <!-- SetUp -->
        <test-method signature="test2()[pri:0, instance:testcases.LoginTest@7674b62c]" started-at="2023-04-30T03:43:33Z" name="test2" finished-at="2023-04-30T03:43:47Z" duration-ms="13972" status="PASS">
          <reporter-output>
          </reporter-output>
        </test-method> <!-- test2 -->
        <test-method is-config="true" signature="TearDown()[pri:0, instance:testcases.LoginTest@7674b62c]" started-at="2023-04-30T03:43:47Z" name="TearDown" finished-at="2023-04-30T03:43:48Z" duration-ms="1024" status="PASS">
          <reporter-output>
          </reporter-output>
        </test-method> <!-- TearDown -->
        <test-method is-config="true" signature="SetUp(java.lang.reflect.Method)[pri:0, instance:testcases.LoginTest@7674b62c]" started-at="2023-04-30T03:43:48Z" name="SetUp" finished-at="2023-04-30T03:43:55Z" duration-ms="7042" status="PASS">
          <params>
            <param index="0">
              <value>
                <![CDATA[public void testcases.LoginTest.test4(java.lang.reflect.Method) throws com.codoid.products.exception.FilloException]]>
              </value>
            </param>
          </params>
          <reporter-output>
          </reporter-output>
        </test-method> <!-- SetUp -->
        <test-method signature="test4(java.lang.reflect.Method)[pri:0, instance:testcases.LoginTest@7674b62c]" started-at="2023-04-30T03:43:55Z" name="test4" finished-at="2023-04-30T03:44:10Z" duration-ms="14489" status="PASS">
          <params>
            <param index="0">
              <value>
                <![CDATA[public void testcases.LoginTest.test4(java.lang.reflect.Method) throws com.codoid.products.exception.FilloException]]>
              </value>
            </param>
          </params>
          <reporter-output>
          </reporter-output>
        </test-method> <!-- test4 -->
        <test-method is-config="true" signature="TearDown()[pri:0, instance:testcases.LoginTest@7674b62c]" started-at="2023-04-30T03:44:10Z" name="TearDown" finished-at="2023-04-30T03:44:11Z" duration-ms="1429" status="PASS">
          <reporter-output>
          </reporter-output>
        </test-method> <!-- TearDown -->
        <test-method is-config="true" signature="ReportClean()[pri:0, instance:testcases.LoginTest@7674b62c]" started-at="2023-04-30T03:44:11Z" name="ReportClean" finished-at="2023-04-30T03:44:12Z" duration-ms="690" status="PASS">
          <reporter-output>
          </reporter-output>
        </test-method> <!-- ReportClean -->
      </class> <!-- testcases.LoginTest -->
    </test> <!-- Test -->
  </suite> <!-- Suite -->
</testng-results>
